<?xml version="1.0"?><coverage lines-covered="260" lines-valid="286" line-rate="0.9090909090909091" branches-covered="0" branches-valid="0" branch-rate="0" complexity="0" version="1.9" timestamp="1776073183"><sources><source>/Users/user/Develop/personal/nodecraft</source></sources><packages><package name="src/resolver" line-rate="0.8625" branch-rate="0" complexity="0"><classes><class name="impls" filename="src/resolver/impls.rs" line-rate="1" branch-rate="0" complexity="0"><methods/><lines><line number="26" hits="7"/><line number="29" hits="7"/><line number="34" hits="10"/><line number="35" hits="10"/></lines></class></classes></package><package name="src/resolver/impls" line-rate="0.8589743589743589" branch-rate="0" complexity="0"><classes><class name="address" filename="src/resolver/impls/address.rs" line-rate="0.7272727272727273" branch-rate="0" complexity="0"><methods/><lines><line number="20" hits="2"/><line number="21" hits="2"/><line number="25" hits="4"/><line number="26" hits="4"/><line number="32" hits="3"/><line number="34" hits="3"/><line number="40" hits="2"/><line number="41" hits="2"/><line number="42" hits="2"/><line number="47" hits="1"/><line number="48" hits="1"/><line number="49" hits="1"/><line number="54" hits="3"/><line number="55" hits="3"/><line number="92" hits="1"/><line number="93" hits="2"/><line number="105" hits="0"/><line number="106" hits="0"/><line number="107" hits="0"/><line number="108" hits="0"/><line number="109" hits="0"/><line number="113" hits="12"/><line number="114" hits="12"/><line number="115" hits="0"/><line number="116" hits="0"/><line number="117" hits="0"/><line number="120" hits="24"/><line number="121" hits="18"/><line number="122" hits="6"/><line number="123" hits="3"/><line number="124" hits="5"/><line number="126" hits="17"/><line number="127" hits="6"/><line number="128" hits="2"/><line number="129" hits="1"/><line number="131" hits="1"/><line number="136" hits="3"/><line number="137" hits="12"/><line number="138" hits="5"/><line number="140" hits="6"/><line number="141" hits="6"/><line number="142" hits="6"/><line number="143" hits="9"/><line number="145" hits="3"/><line number="148" hits="0"/><line number="149" hits="0"/><line number="150" hits="0"/><line number="159" hits="2"/><line number="161" hits="4"/><line number="162" hits="2"/><line number="163" hits="2"/><line number="240" hits="0"/><line number="241" hits="0"/><line number="242" hits="0"/><line number="243" hits="0"/></lines></class><class name="dns" filename="src/resolver/impls/dns.rs" line-rate="0.946236559139785" branch-rate="0" complexity="0"><methods/><lines><line number="30" hits="1"/><line number="31" hits="3"/><line number="38" hits="1"/><line number="39" hits="1"/><line number="62" hits="4"/><line number="63" hits="4"/><line number="68" hits="6"/><line number="70" hits="6"/><line number="71" hits="6"/><line number="76" hits="1"/><line number="77" hits="2"/><line number="78" hits="1"/><line number="82" hits="1"/><line number="83" hits="2"/><line number="84" hits="1"/><line number="88" hits="1"/><line number="89" hits="1"/><line number="93" hits="1"/><line number="94" hits="2"/><line number="95" hits="1"/><line number="99" hits="1"/><line number="100" hits="2"/><line number="101" hits="1"/><line number="105" hits="1"/><line number="106" hits="1"/><line number="111" hits="5"/><line number="112" hits="5"/><line number="126" hits="3"/><line number="127" hits="3"/><line number="134" hits="4"/><line number="136" hits="4"/><line number="137" hits="4"/><line number="143" hits="2"/><line number="144" hits="2"/><line number="145" hits="2"/><line number="150" hits="1"/><line number="151" hits="1"/><line number="152" hits="1"/><line number="157" hits="1"/><line number="158" hits="1"/><line number="163" hits="2"/><line number="164" hits="4"/><line number="165" hits="2"/><line number="170" hits="1"/><line number="171" hits="2"/><line number="172" hits="1"/><line number="177" hits="1"/><line number="178" hits="2"/><line number="209" hits="3"/><line number="213" hits="8"/><line number="215" hits="8"/><line number="216" hits="4"/><line number="217" hits="2"/><line number="220" hits="1"/><line number="222" hits="3"/><line number="223" hits="6"/><line number="224" hits="3"/><line number="225" hits="3"/><line number="229" hits="14"/><line number="230" hits="14"/><line number="231" hits="0"/><line number="232" hits="0"/><line number="235" hits="28"/><line number="236" hits="21"/><line number="237" hits="7"/><line number="238" hits="3"/><line number="239" hits="6"/><line number="241" hits="20"/><line number="242" hits="6"/><line number="243" hits="2"/><line number="244" hits="1"/><line number="246" hits="1"/><line number="251" hits="10"/><line number="252" hits="0"/><line number="254" hits="15"/><line number="256" hits="7"/><line number="257" hits="6"/><line number="258" hits="6"/><line number="259" hits="2"/><line number="260" hits="2"/><line number="264" hits="8"/><line number="265" hits="4"/><line number="266" hits="4"/><line number="267" hits="6"/><line number="269" hits="2"/><line number="275" hits="12"/><line number="277" hits="4"/><line number="278" hits="4"/><line number="279" hits="4"/><line number="280" hits="6"/><line number="282" hits="2"/><line number="285" hits="0"/><line number="286" hits="0"/></lines></class><class name="socket_addr" filename="src/resolver/impls/socket_addr.rs" line-rate="0.75" branch-rate="0" complexity="0"><methods/><lines><line number="22" hits="3"/><line number="23" hits="3"/><line number="35" hits="2"/><line number="36" hits="1"/><line number="40" hits="2"/><line number="41" hits="1"/><line number="82" hits="0"/><line number="83" hits="0"/></lines></class></classes></package><package name="src" line-rate="0.9090909090909091" branch-rate="0" complexity="0"><classes><class name="node" filename="src/node.rs" line-rate="0.9148936170212766" branch-rate="0" complexity="0"><methods/><lines><line number="20" hits="1"/><line number="21" hits="2"/><line number="27" hits="1"/><line number="35" hits="106"/><line number="41" hits="5"/><line number="42" hits="5"/><line number="47" hits="5"/><line number="48" hits="5"/><line number="53" hits="1"/><line number="54" hits="2"/><line number="55" hits="1"/><line number="60" hits="1"/><line number="61" hits="2"/><line number="62" hits="1"/><line number="67" hits="1"/><line number="68" hits="2"/><line number="69" hits="1"/><line number="74" hits="1"/><line number="75" hits="2"/><line number="76" hits="1"/><line number="81" hits="1"/><line number="82" hits="1"/><line number="87" hits="0"/><line number="88" hits="0"/><line number="93" hits="0"/><line number="94" hits="0"/><line number="109" hits="1"/><line number="111" hits="2"/><line number="112" hits="1"/><line number="128" hits="1"/><line number="130" hits="1"/><line number="131" hits="1"/><line number="150" hits="1"/><line number="151" hits="4"/><line number="158" hits="1"/><line number="160" hits="3"/><line number="161" hits="1"/><line number="292" hits="2"/><line number="294" hits="4"/><line number="295" hits="4"/><line number="296" hits="4"/><line number="300" hits="8"/><line number="301" hits="4"/><line number="350" hits="100"/><line number="351" hits="400"/><line number="352" hits="500"/><line number="353" hits="100"/></lines></class></classes></package><package name="src/id/impls" line-rate="1" branch-rate="0" complexity="0"><classes><class name="id" filename="src/id/impls/id.rs" line-rate="1" branch-rate="0" complexity="0"><methods/><lines><line number="35" hits="205"/><line number="36" hits="615"/><line number="37" hits="410"/><line number="38" hits="1"/><line number="41" hits="204"/><line number="42" hits="2"/><line number="45" hits="203"/><line number="49" hits="5"/><line number="50" hits="5"/><line number="55" hits="1"/><line number="56" hits="1"/><line number="63" hits="100"/><line number="64" hits="100"/><line number="65" hits="165"/><line number="66" hits="135"/><line number="74" hits="55"/><line number="75" hits="165"/><line number="82" hits="45"/><line number="83" hits="135"/><line number="90" hits="100"/><line number="91" hits="100"/><line number="92" hits="156"/><line number="93" hits="144"/><line number="101" hits="48"/><line number="102" hits="144"/><line number="109" hits="52"/><line number="110" hits="156"/><line number="117" hits="1"/><line number="118" hits="2"/><line number="123" hits="1"/><line number="124" hits="1"/><line number="129" hits="3"/><line number="130" hits="3"/><line number="135" hits="1"/><line number="136" hits="3"/><line number="141" hits="1"/><line number="142" hits="3"/><line number="149" hits="1"/><line number="150" hits="1"/><line number="157" hits="2"/><line number="158" hits="6"/><line number="166" hits="4"/><line number="167" hits="16"/><line number="169" hits="4"/><line number="170" hits="2"/><line number="173" hits="6"/><line number="174" hits="1"/><line number="177" hits="2"/><line number="185" hits="103"/><line number="186" hits="103"/><line number="187" hits="2"/><line number="190" hits="204"/><line number="191" hits="1"/><line number="194" hits="101"/></lines></class><class name="id_ref" filename="src/id/impls/id_ref.rs" line-rate="1" branch-rate="0" complexity="0"><methods/><lines><line number="15" hits="13"/><line number="16" hits="26"/><line number="17" hits="3"/><line number="20" hits="10"/><line number="21" hits="6"/><line number="24" hits="7"/><line number="29" hits="3"/><line number="30" hits="3"/><line number="36" hits="1"/><line number="37" hits="1"/><line number="44" hits="1"/><line number="45" hits="1"/><line number="50" hits="1"/><line number="51" hits="1"/><line number="56" hits="3"/><line number="57" hits="3"/><line number="62" hits="1"/><line number="63" hits="3"/><line number="68" hits="1"/><line number="69" hits="3"/><line number="78" hits="4"/><line number="79" hits="12"/><line number="86" hits="6"/><line number="87" hits="12"/></lines></class></classes></package><package name="src/id" line-rate="1" branch-rate="0" complexity="0"><classes><class name="impls" filename="src/id/impls.rs" line-rate="1" branch-rate="0" complexity="0"><methods/><lines><line number="38" hits="6"/></lines></class></classes></package></packages></coverage>